C51 COMPILER V9.55   DS18B20                                                               05/10/2022 20:34:14 PAGE 1   


C51 COMPILER V9.55, COMPILATION OF MODULE DS18B20
OBJECT MODULE PLACED IN .\Objects\ds18b20.obj
COMPILER INVOKED BY: E:\Keil_v5\C51\BIN\C51.EXE ds18b20.c OPTIMIZE(8,SPEED) BROWSE DEBUG OBJECTEXTEND PRINT(.\Listings\d
                    -s18b20.lst) TABS(2) OBJECT(.\Objects\ds18b20.obj)

line level    source

   1          #include<reg51.h>
   2          #include"ds18b20.h"
   3          #include"delay.h"
   4          
   5          #define uchar unsigned char
   6          #define uint unsigned int
   7          
   8          sbit DQ=P3^7;//ds18b20 端口
   9          /******************************************************************/
  10          /*                   DS18B20 初始化                               */
  11          /******************************************************************/
  12          void Init_DS18B20(void)
  13          {
  14   1        uchar x=0;
  15   1        DQ = 1;    //拉高总线,等待
  16   1        delayl(8);
  17   1        DQ = 0;    //单片机将DQ拉低
  18   1        delayl(80); //精确延时 大于 480us
  19   1        DQ = 1;    //拉高总线,等待
  20   1        delayl(10);
  21   1        x=DQ;      //稍做延时后 如果x=0则初始化成功 x=1则初始化失败
  22   1        delayl(5);
  23   1       }
  24          
  25          
  26          /******************************************************************/
  27          /*                    DS18B20读一个字节                           */
  28          /******************************************************************/
  29          uchar ReadOneChar(void) // DS18B20读一个字节
  30          {
  31   1        uchar i=0;
  32   1        uchar dat = 0;
  33   1        for (i=8;i>0;i--)
  34   1        {
  35   2            DQ = 0; // 给脉冲信号
  36   2            dat>>=1;
  37   2            DQ = 1; // 给脉冲信号，主机在读时隙期间必须释放总线
  38   2            if(DQ)
  39   2            dat|=0x80;
  40   2            delayl(5);
  41   2        }
  42   1        return(dat);
  43   1      }
  44          
  45          
  46          /******************************************************************/
  47          /*                 DS18B20写一个字节                              */
  48          /******************************************************************/
  49          void WriteOneChar(uchar dat) //DS18B20写一个字节
  50          {
  51   1        uchar i=0;
  52   1        for (i=8; i>0; i--)
  53   1        {
  54   2            DQ = 0;
C51 COMPILER V9.55   DS18B20                                                               05/10/2022 20:34:14 PAGE 2   

  55   2            DQ = dat&0x01;//取最低位
  56   2            delayl(5);
  57   2            DQ = 1;
  58   2            dat>>=1;//左移
  59   2        }
  60   1        delayl(5);
  61   1      }
  62          
  63          /******************************************************************/
  64          /*                   DS18B20读取温度                              */
  65          /******************************************************************/
  66          uint ReadTemperature(void) //DS18B20读取温度
  67          {
  68   1        uchar a=0;
  69   1        uint b=0;
  70   1        uint t=0;
  71   1        Init_DS18B20();//DS18B20初始化
  72   1        WriteOneChar(0xCC); // 跳过读序号列号的操作
  73   1        WriteOneChar(0x44); // 启动温度转换
  74   1        delayl(200);       //延时以求信号的稳定
  75   1        Init_DS18B20();    //DS18B20再次初始化
  76   1        WriteOneChar(0xCC); //跳过读序号列号的操作 
  77   1        WriteOneChar(0xBE); //读取温度寄存器等（共可读9个寄存器） 前两个就是温度
  78   1        a=ReadOneChar();   //低位
  79   1        b=ReadOneChar();   //高位
  80   1        b<<=8;  //b左移8位
  81   1        t=a+b;  //把a与b结合，放在16位的t中   此处两行代码也可用t=(（b*256）+1)替代 原理相同
  82   1        return(t);
  83   1      }


MODULE INFORMATION:   STATIC OVERLAYABLE
   CODE SIZE        =    193    ----
   CONSTANT SIZE    =   ----    ----
   XDATA SIZE       =   ----    ----
   PDATA SIZE       =   ----    ----
   DATA SIZE        =   ----       6
   IDATA SIZE       =   ----    ----
   BIT SIZE         =   ----    ----
END OF MODULE INFORMATION.


C51 COMPILATION COMPLETE.  0 WARNING(S),  0 ERROR(S)
