C51 COMPILER V9.55   MAIN                                                                  05/17/2022 14:38:18 PAGE 1   


C51 COMPILER V9.55, COMPILATION OF MODULE MAIN
OBJECT MODULE PLACED IN .\Objects\main.obj
COMPILER INVOKED BY: E:\Keil_v5\C51\BIN\C51.EXE main.c OPTIMIZE(8,SPEED) BROWSE DEBUG OBJECTEXTEND PRINT(.\Listings\main
                    -.lst) TABS(2) OBJECT(.\Objects\main.obj)

line level    source

   1          #include<reg51.h>     //包含头文件，一般情况不需要改动，头文件包含特殊功能寄存器的定义
   2          #include<math.h>
   3          #include<INTRINS.H>
   4          #include"lcd1602.h"
   5          #include"ds18b20.h"
   6          #include"delay.h"
   7          
   8          #define uchar unsigned char
   9          #define uint unsigned int
  10          
  11          sbit buzzer=P2^1;//蜂鸣器引脚
  12          sbit rel=P2^3;
  13          
  14          int temp;//测得温度
  15          char temp_max=40,temp_min=10;//设定的温度 
  16          char TempH,TempL;
  17          uchar CNCHAR[6] = "℃  ";
  18          
  19          /*******************************************************************************
  20          * 函 数 名         :UsartConfiguration()
  21          * 函数功能       :设置串口
  22          * 输    入         : 无
  23          * 输    出         : 无
  24          *******************************************************************************/
  25          
  26          void UsartConfiguration()
  27          {
  28   1        SCON=0X50;      //设置为工作方式1
  29   1        TMOD=0X20;      //设置计数器工作方式2
  30   1        PCON=0X80;      //波特率加倍
  31   1        TH1=0XF3;       //计数器初始值设置，注意波特率是4800的
  32   1        TL1=0XF3;
  33   1        ES=1;           //打开接收中断
  34   1        EA=1;           //打开总中断
  35   1        TR1=1;          //打开计数器
  36   1      }
  37          
  38          /******************************************************************/
  39          /*                  蜂鸣器报警程序                                */
  40          /******************************************************************/
  41          void alarm()
  42          {
  43   1        if(TempH>=temp_max)//当温度高于设置的最高温报警
  44   1        { 
  45   2          buzzer=0;
  46   2          rel=0;
  47   2      //    delay(50);
  48   2      //    buzzer=1;
  49   2      //    delay(50);
  50   2        }
  51   1        else if(TempH<temp_min)//当温度低于设置的最低温报警
  52   1        {
  53   2          buzzer=0;
  54   2          rel=0;
C51 COMPILER V9.55   MAIN                                                                  05/17/2022 14:38:18 PAGE 2   

  55   2      //    delay(50);
  56   2      //    buzzer=1;
  57   2      //    delay(50);
  58   2        }
  59   1        else//报警解除
  60   1        {
  61   2          buzzer=1;
  62   2          rel=1;
  63   2        }
  64   1      }
  65          /******************************************************************/
  66          /*                   显示测得的温度                               */
  67          /******************************************************************/
  68          void handle_T()
  69          {
  70   1        
  71   1        uchar i,j,m;
  72   1        str[0]=0x20;//显示为空
  73   1        str[1]=tab[TempH/100]; //百位温度
  74   1        str[2]=tab[(TempH%100)/10]; //十位温度
  75   1        str[3]=tab[(TempH%100)%10]; //个位温度,带小数点
  76   1        str[5]=tab[TempL];
  77   1        str[4]='.';
  78   1        str[6]=0xdf;
  79   1        str[7]='C';
  80   1        temp=ReadTemperature();//读取温度值
  81   1        if(temp&0x8000)
  82   1        {
  83   2          str[0]=0xb0;//负号标志
  84   2          temp=~temp;  // 取反加1
  85   2          temp +=1;
  86   2        }
  87   1        
  88   1        TempH=temp>>4;  //由权重表知移4位就是整数位
  89   1        TempL=temp&0x0F;
  90   1        TempL=TempL*6/10;//小数近似处理
  91   1      
  92   1        alarm();    //判断是否需要报警
  93   1      
  94   1        WriteCommand(0x80+0x04);//光标指向第一行第一个字符
  95   1        for(i=0;i<8;i++)// 显示
  96   1        {
  97   2          WriteData(str[i]);
  98   2          delay(10);
  99   2        }
 100   1        for(j = 1;j<6;j++)
 101   1        {
 102   2          SBUF = str[j];
 103   2          while(!TI);
 104   2          TI = 0;
 105   2        }
 106   1        for(m=0;m<4;m++){
 107   2          SBUF = CNCHAR[m];
 108   2          while(!TI);
 109   2          TI = 0;
 110   2        }
 111   1      }
 112          
 113          void display_range(uchar add,int t)
 114          {
 115   1        uchar i;
 116   1        if(t<0)
C51 COMPILER V9.55   MAIN                                                                  05/17/2022 14:38:18 PAGE 3   

 117   1        {
 118   2          str[0]=0xb0;//负号标志
 119   2        }
 120   1        else
 121   1          str[0]=tab[abs(t)/100]; //百位温度
 122   1          str[1]=tab[(abs(t)%100)/10]; //十位温度
 123   1          str[2]=tab[(abs(t)%100)%10]; //个位温度
 124   1        WriteCommand(0x80+0x40+add);
 125   1        for(i=0;i<3;i++)
 126   1        {
 127   2          WriteData(str[i]);
 128   2          delay(5);
 129   2        }
 130   1      }
 131          
 132          
 133          /****************************************************************/
 134          /*                    主函数                                    */
 135          /******************************************************************/
 136          void main()
 137          { 
 138   1        UsartConfiguration();
 139   1        InitLcd();//lcd1602初始化
 140   1        while(1)
 141   1        {
 142   2          handle_T();// 处理温度：获得、显示、报警
 143   2          delay(500);
 144   2        } 
 145   1      }
 146          
 147          


MODULE INFORMATION:   STATIC OVERLAYABLE
   CODE SIZE        =    514    ----
   CONSTANT SIZE    =   ----    ----
   XDATA SIZE       =   ----    ----
   PDATA SIZE       =   ----    ----
   DATA SIZE        =     12       5
   IDATA SIZE       =   ----    ----
   BIT SIZE         =   ----    ----
END OF MODULE INFORMATION.


C51 COMPILATION COMPLETE.  0 WARNING(S),  0 ERROR(S)
