C51 COMPILER V9.55   LCD                                                                   05/07/2022 18:23:35 PAGE 1   


C51 COMPILER V9.55, COMPILATION OF MODULE LCD
OBJECT MODULE PLACED IN lcd.OBJ
COMPILER INVOKED BY: E:\Keil_v5\C51\BIN\C51.EXE lcd.c OPTIMIZE(8,SPEED) BROWSE DEBUG OBJECTEXTEND TABS(2)

line level    source

   1          #include"lcd.h"
   2          
   3          /*******************************************************************************
   4          * 函 数 名         : Lcd1602_Delay1ms
   5          * 函数功能       : 延时函数，延时1ms
   6          * 输    入         : c
   7          * 输    出         : 无
   8          * 说    名         : 该函数是在12MHZ晶振下，12分频单片机的延时。
   9          *******************************************************************************/
  10          
  11          void Lcd1602_Delay1ms(uint c)   //误差 0us
  12          {
  13   1          uchar a,b;
  14   1        for (; c>0; c--)
  15   1        {
  16   2           for (b=199;b>0;b--)
  17   2           {
  18   3              for(a=1;a>0;a--);
  19   3           }      
  20   2        }
  21   1            
  22   1      }
  23          
  24          /*******************************************************************************
  25          * 函 数 名         : LcdWriteCom
  26          * 函数功能       : 向LCD写入一个字节的命令
  27          * 输    入         : com
  28          * 输    出         : 无
  29          *******************************************************************************/
  30          #ifndef   LCD1602_4PINS  //当没有定义这个LCD1602_4PINS时
  31          void LcdWriteCom(uchar com)   //写入命令
  32          {
  33   1        LCD1602_E = 0;     //使能
  34   1        LCD1602_RS = 0;    //选择发送命令
  35   1        LCD1602_RW = 0;    //选择写入
  36   1        
  37   1        LCD1602_DATAPINS = com;     //放入命令
  38   1        Lcd1602_Delay1ms(1);    //等待数据稳定
  39   1      
  40   1        LCD1602_E = 1;            //写入时序
  41   1        Lcd1602_Delay1ms(5);    //保持时间
  42   1        LCD1602_E = 0;
  43   1      }
  44          #else 
              void LcdWriteCom(uchar com)   //写入命令
              {
                LCD1602_E = 0;   //使能清零
                LCD1602_RS = 0;  //选择写入命令
                LCD1602_RW = 0;  //选择写入
              
                LCD1602_DATAPINS = com; //由于4位的接线是接到P0口的高四位，所以传送高四位不用改
                Lcd1602_Delay1ms(1);
              
                LCD1602_E = 1;   //写入时序
                Lcd1602_Delay1ms(5);
C51 COMPILER V9.55   LCD                                                                   05/07/2022 18:23:35 PAGE 2   

                LCD1602_E = 0;
              
              //  Lcd1602_Delay1ms(1);
                LCD1602_DATAPINS = com << 4; //发送低四位
                Lcd1602_Delay1ms(1);
              
                LCD1602_E = 1;   //写入时序
                Lcd1602_Delay1ms(5);
                LCD1602_E = 0;
              }
              #endif
  67          /*******************************************************************************
  68          * 函 数 名         : LcdWriteData
  69          * 函数功能       : 向LCD写入一个字节的数据
  70          * 输    入         : dat
  71          * 输    出         : 无
  72          *******************************************************************************/       
  73          #ifndef   LCD1602_4PINS      
  74          void LcdWriteData(uchar dat)      //写入数据
  75          {
  76   1        LCD1602_E = 0;  //使能清零
  77   1        LCD1602_RS = 1; //选择输入数据
  78   1        LCD1602_RW = 0; //选择写入
  79   1      
  80   1        LCD1602_DATAPINS = dat; //写入数据
  81   1        Lcd1602_Delay1ms(1);
  82   1      
  83   1        LCD1602_E = 1;   //写入时序
  84   1        Lcd1602_Delay1ms(5);   //保持时间
  85   1        LCD1602_E = 0;
  86   1      }
  87          #else
              void LcdWriteData(uchar dat)      //写入数据
              {
                LCD1602_E = 0;    //使能清零
                LCD1602_RS = 1;   //选择写入数据
                LCD1602_RW = 0;   //选择写入
              
                LCD1602_DATAPINS = dat; //由于4位的接线是接到P0口的高四位，所以传送高四位不用改
                Lcd1602_Delay1ms(1);
              
                LCD1602_E = 1;    //写入时序
                Lcd1602_Delay1ms(5);
                LCD1602_E = 0;
              
                LCD1602_DATAPINS = dat << 4; //写入低四位
                Lcd1602_Delay1ms(1);
              
                LCD1602_E = 1;    //写入时序
                Lcd1602_Delay1ms(5);
                LCD1602_E = 0;
              }
              #endif
 109          /*******************************************************************************
 110          * 函 数 名       : LcdInit()
 111          * 函数功能     : 初始化LCD屏
 112          * 输    入       : 无
 113          * 输    出       : 无
 114          *******************************************************************************/       
 115          #ifndef   LCD1602_4PINS
 116          void LcdInit()              //LCD初始化子程序
 117          {
C51 COMPILER V9.55   LCD                                                                   05/07/2022 18:23:35 PAGE 3   

 118   1        LcdWriteCom(0x38);  //开显示
 119   1        LcdWriteCom(0x0c);  //开显示不显示光标
 120   1        LcdWriteCom(0x06);  //写一个指针加1
 121   1        LcdWriteCom(0x01);  //清屏
 122   1        LcdWriteCom(0x80);  //设置数据指针起点
 123   1      }
 124          #else
              void LcdInit()              //LCD初始化子程序
              {
                LcdWriteCom(0x32);   //将8位总线转为4位总线
                LcdWriteCom(0x28);   //在四位线下的初始化
                LcdWriteCom(0x0c);  //开显示不显示光标
                LcdWriteCom(0x06);  //写一个指针加1
                LcdWriteCom(0x01);  //清屏
                LcdWriteCom(0x80);  //设置数据指针起点
              }
              #endif
 135          
 136          
 137          
 138          
 139          //按指定位置显示一个字符
 140          void DisplayOneChar(unsigned char X, unsigned char Y, unsigned char DData)
 141          {
 142   1       Y &= 0x1;
 143   1       X &= 0xF; //限制X不能大于15，Y不能大于1
 144   1       if (Y) X |= 0x40; //当要显示第二行时地址码+0x40;
 145   1       X |= 0x80; // 算出指令码
 146   1       LcdWriteCom(X); //这里不检测忙信号，发送地址码
 147   1       LcdWriteData(DData);
 148   1      }
 149          //按指定位置显示一串字符
 150          void DisplayListChar(unsigned char X, unsigned char Y, unsigned char code *DData)
 151          {
 152   1       unsigned char ListLength;
 153   1      
 154   1        ListLength = 0;
 155   1       Y &= 0x1;
 156   1       X &= 0xF; //限制X不能大于15，Y不能大于1
 157   1       while (DData[ListLength]>=0x20) //若到达字串尾则退出
 158   1        {
 159   2         if (X <= 0xF) //X坐标应小于0xF
 160   2          {
 161   3           DisplayOneChar(X, Y, DData[ListLength]); //显示单个字符
 162   3           ListLength++;
 163   3           X++;
 164   3          }
 165   2        }
 166   1      }
 167          
 168          
 169          
 170          
 171          
 172          
 173          
 174          


MODULE INFORMATION:   STATIC OVERLAYABLE
   CODE SIZE        =    166    ----
   CONSTANT SIZE    =   ----    ----
C51 COMPILER V9.55   LCD                                                                   05/07/2022 18:23:35 PAGE 4   

   XDATA SIZE       =   ----    ----
   PDATA SIZE       =   ----    ----
   DATA SIZE        =   ----       3
   IDATA SIZE       =   ----    ----
   BIT SIZE         =   ----    ----
END OF MODULE INFORMATION.


C51 COMPILATION COMPLETE.  0 WARNING(S),  0 ERROR(S)
